[2023-04-11 11:08:38] [ INFO ] [OdontologoService:25] Odontologo guardando
[2023-04-11 11:08:38] [ INFO ] [PacienteService:36] Paciente encontrado
[2023-04-11 11:08:38] [ INFO ] [OdontologoService:45] Odontologo encontrado
[2023-04-11 11:24:45] [ INFO ] [OdontologoService:24] Odontologo guardando
[2023-04-11 11:24:45] [ INFO ] [PacienteService:35] Paciente encontrado
[2023-04-11 11:24:45] [ INFO ] [OdontologoService:44] Odontologo encontrado
[2023-04-11 11:24:45] [ INFO ] [OdontologoService:24] Odontologo guardando
[2023-04-11 11:24:45] [ INFO ] [PacienteService:35] Paciente encontrado
[2023-04-11 11:24:45] [ INFO ] [OdontologoService:44] Odontologo encontrado
[2023-04-11 21:36:57] [ INFO ] [PacienteService:35] Paciente encontrado
[2023-04-11 21:39:50] [ INFO ] [OdontologoService:24] Odontologo guardando
[2023-04-11 21:39:50] [ INFO ] [PacienteService:35] Paciente encontrado
[2023-04-11 21:39:50] [ INFO ] [OdontologoService:44] Odontologo encontrado
[2023-04-11 21:39:51] [ INFO ] [TurnoController:47] GET metodo --- Mostrando turnos
[2023-04-11 21:47:13] [ INFO ] [PacienteService:35] Paciente encontrado
[2023-04-11 21:47:55] [ INFO ] [PacienteService:35] Paciente encontrado
[2023-04-11 21:49:10] [ INFO ] [TurnoController:47] GET metodo --- Mostrando turnos
[2023-04-11 21:49:24] [ INFO ] [TurnoController:47] GET metodo --- Mostrando turnos
[2023-04-11 22:15:41] [ INFO ] [OdontologoService:24] Odontologo guardando
[2023-04-11 22:15:41] [ INFO ] [PacienteService:35] Paciente encontrado
[2023-04-11 22:15:41] [ INFO ] [OdontologoService:44] Odontologo encontrado
[2023-04-11 22:15:41] [ INFO ] [TurnoController:47] GET metodo --- Mostrando turnos
[2023-04-11 22:19:50] [ INFO ] [OdontologoService:24] Odontologo guardando
[2023-04-11 22:19:50] [ INFO ] [PacienteService:35] Paciente encontrado
[2023-04-11 22:19:50] [ INFO ] [OdontologoService:44] Odontologo encontrado
[2023-04-11 22:19:50] [ INFO ] [TurnoController:47] GET metodo --- Mostrando turnos
[2023-04-11 22:24:33] [ INFO ] [OdontologoService:24] Odontologo guardando
[2023-04-11 22:24:34] [ INFO ] [PacienteService:35] Paciente encontrado
[2023-04-11 22:24:34] [ INFO ] [OdontologoService:44] Odontologo encontrado
[2023-04-11 22:24:34] [ INFO ] [TurnoController:47] GET metodo --- Mostrando turnos
[2023-04-11 22:34:52] [ INFO ] [OdontologoService:24] Odontologo guardando
[2023-04-11 22:34:53] [ INFO ] [PacienteService:35] Paciente encontrado
[2023-04-11 22:34:53] [ INFO ] [OdontologoService:44] Odontologo encontrado
[2023-04-11 22:34:53] [ INFO ] [TurnoController:47] GET metodo --- Mostrando turnos
[2023-04-11 23:06:10] [ INFO ] [OdontologoService:24] Odontologo guardando
[2023-04-11 23:06:11] [ INFO ] [PacienteService:35] Paciente encontrado
[2023-04-11 23:06:11] [ INFO ] [OdontologoService:44] Odontologo encontrado
[2023-04-11 23:06:11] [ INFO ] [TurnoController:47] GET metodo --- Mostrando turnos
[2023-04-11 23:13:42] [ INFO ] [OdontologoService:24] Odontologo guardando
[2023-04-11 23:13:42] [ INFO ] [PacienteService:35] Paciente encontrado
[2023-04-11 23:13:42] [ INFO ] [OdontologoService:44] Odontologo encontrado
[2023-04-11 23:13:42] [ INFO ] [TurnoController:47] GET metodo --- Mostrando turnos
[2023-04-11 23:20:59] [ INFO ] [OdontologoService:24] Odontologo guardando
[2023-04-11 23:20:59] [ INFO ] [PacienteService:35] Paciente encontrado
[2023-04-11 23:20:59] [ INFO ] [OdontologoService:44] Odontologo encontrado
[2023-04-11 23:20:59] [ INFO ] [TurnoController:47] GET metodo --- Mostrando turnos
[2023-04-11 23:22:09] [ INFO ] [OdontologoService:24] Odontologo guardando
[2023-04-11 23:24:29] [ INFO ] [OdontologoService:24] Odontologo guardando
[2023-04-11 23:26:37] [ INFO ] [PacienteService:35] Paciente encontrado
[2023-04-11 23:27:35] [ INFO ] [PacienteService:35] Paciente encontrado
[2023-04-11 23:59:39] [ INFO ] [PacienteService:53] Paciente encontrado
[2023-04-12 00:00:44] [ INFO ] [PacienteService:35] Paciente encontrado
[2023-04-12 00:00:44] [ INFO ] [PacienteService:53] Paciente encontrado
[2023-04-12 00:00:44] [ INFO ] [PacienteService:35] Paciente encontrado
[2023-04-12 00:00:45] [ INFO ] [PacienteService:44] Buscando lista
[2023-04-12 00:09:59] [ INFO ] [OdontologoService:24] Odontologo guardando
[2023-04-12 00:09:59] [ INFO ] [PacienteService:35] Paciente encontrado
[2023-04-12 00:09:59] [ INFO ] [OdontologoService:44] Odontologo encontrado
[2023-04-12 00:09:59] [ INFO ] [TurnoService:51] Turno encontrado
[2023-04-12 00:10:00] [ INFO ] [TurnoService:51] Turno encontrado
[2023-04-12 00:10:00] [ INFO ] [TurnoService:34] Turno encontrado
[2023-04-12 00:10:00] [ INFO ] [TurnoService:51] Turno encontrado
[2023-04-12 00:13:49] [ INFO ] [PacienteService:35] Paciente encontrado
[2023-04-12 00:14:20] [ INFO ] [PacienteService:35] Paciente encontrado
[2023-04-12 00:14:23] [ INFO ] [PacienteService:35] Paciente encontrado
[2023-04-12 00:14:53] [ INFO ] [PacienteService:35] Paciente encontrado
[2023-04-12 00:16:05] [ INFO ] [OdontologoService:53] Odontologo encontrado
[2023-04-12 00:16:09] [ INFO ] [OdontologoService:44] Odontologo encontrado
[2023-04-12 00:16:09] [ INFO ] [OdontologoService:44] Odontologo encontrado
[2023-04-12 00:16:12] [ INFO ] [OdontologoService:44] Odontologo encontrado
[2023-04-12 00:17:37] [ INFO ] [OdontologoService:44] Odontologo encontrado
[2023-04-12 00:22:28] [ INFO ] [OdontologoService:44] Odontologo encontrado
[2023-04-12 00:24:09] [ INFO ] [OdontologoService:44] Odontologo encontrado
[2023-04-12 00:25:06] [ INFO ] [OdontologoService:53] Odontologo encontrado
[2023-04-12 00:25:11] [ INFO ] [OdontologoService:53] Odontologo encontrado
[2023-04-12 00:26:00] [ INFO ] [OdontologoService:53] Odontologo encontrado
[2023-04-12 00:26:07] [ INFO ] [OdontologoService:53] Odontologo encontrado
[2023-04-12 00:40:26] [ INFO ] [OdontologoService:53] Odontologo encontrado
[2023-04-12 00:40:45] [ INFO ] [OdontologoService:24] Odontologo guardando
[2023-04-12 00:40:47] [ INFO ] [OdontologoService:53] Odontologo encontrado
[2023-04-12 00:40:52] [ INFO ] [OdontologoService:53] Odontologo encontrado
[2023-04-12 00:43:28] [ INFO ] [OdontologoService:53] Odontologo encontrado
[2023-04-12 00:43:29] [ INFO ] [OdontologoService:53] Odontologo encontrado
[2023-04-12 00:43:33] [ INFO ] [OdontologoService:53] Odontologo encontrado
[2023-04-12 00:43:47] [ INFO ] [OdontologoService:24] Odontologo guardando
[2023-04-12 00:43:48] [ INFO ] [OdontologoService:24] Odontologo guardando
[2023-04-12 00:44:04] [ INFO ] [OdontologoService:53] Odontologo encontrado
[2023-04-12 00:44:06] [ INFO ] [OdontologoService:53] Odontologo encontrado
[2023-04-12 21:48:02] [ INFO ] [OdontologoService:53] Odontologo encontrado
[2023-04-12 21:48:27] [ INFO ] [OdontologoService:44] Odontologo encontrado
[2023-04-12 21:48:47] [ INFO ] [OdontologoService:44] Odontologo encontrado
[2023-04-12 21:48:57] [ INFO ] [OdontologoService:44] Odontologo encontrado
[2023-04-12 21:52:03] [ INFO ] [OdontologoService:44] Odontologo encontrado
[2023-04-12 21:52:15] [ INFO ] [OdontologoService:24] Odontologo guardando
[2023-04-12 21:52:28] [ INFO ] [OdontologoService:53] Odontologo encontrado
[2023-04-12 21:53:17] [ INFO ] [OdontologoService:44] Odontologo encontrado
[2023-04-12 21:53:17] [ INFO ] [OdontologoService:62] Odontologo actualizado
[2023-04-12 21:53:31] [ INFO ] [OdontologoService:44] Odontologo encontrado
[2023-04-12 21:53:31] [ INFO ] [OdontologoService:62] Odontologo actualizado
[2023-04-12 21:53:41] [ INFO ] [OdontologoService:44] Odontologo encontrado
[2023-04-12 21:54:49] [ INFO ] [OdontologoService:44] Odontologo encontrado
[2023-04-12 21:54:49] [ INFO ] [OdontologoService:62] Odontologo actualizado
[2023-04-12 21:55:07] [ INFO ] [OdontologoService:24] Odontologo guardando
[2023-04-12 21:55:28] [ INFO ] [OdontologoService:53] Odontologo encontrado
[2023-04-12 21:55:43] [ INFO ] [OdontologoService:44] Odontologo encontrado
[2023-04-12 21:55:43] [ INFO ] [OdontologoService:35] Odontologo encontrado
[2023-04-12 21:56:18] [ INFO ] [OdontologoService:44] Odontologo encontrado
[2023-04-12 21:56:37] [ INFO ] [OdontologoService:53] Odontologo encontrado
[2023-04-12 21:57:06] [ INFO ] [OdontologoService:44] Odontologo encontrado
[2023-04-12 21:57:06] [ INFO ] [OdontologoService:35] Odontologo encontrado
[2023-04-12 21:57:36] [ INFO ] [OdontologoService:24] Odontologo guardando
[2023-04-12 21:57:39] [ INFO ] [OdontologoService:24] Odontologo guardando
[2023-04-12 21:57:41] [ INFO ] [OdontologoService:24] Odontologo guardando
[2023-04-12 21:57:43] [ INFO ] [OdontologoService:24] Odontologo guardando
[2023-04-12 21:57:51] [ INFO ] [OdontologoService:53] Odontologo encontrado
[2023-04-12 21:58:05] [ INFO ] [OdontologoService:44] Odontologo encontrado
[2023-04-12 21:58:05] [ INFO ] [OdontologoService:35] Odontologo encontrado
[2023-04-12 21:58:15] [ INFO ] [OdontologoService:44] Odontologo encontrado
[2023-04-12 21:59:04] [ INFO ] [OdontologoService:44] Odontologo encontrado
[2023-04-12 22:05:05] [ INFO ] [OdontologoService:24] Odontologo guardando
[2023-04-12 22:05:07] [ INFO ] [OdontologoService:24] Odontologo guardando
[2023-04-12 22:05:09] [ INFO ] [OdontologoService:24] Odontologo guardando
[2023-04-12 22:05:16] [ INFO ] [OdontologoService:44] Odontologo encontrado
[2023-04-12 22:05:23] [ ERROR] [OdontologoService:41] No existen odontologos con ese id 7
[2023-04-12 22:10:01] [ ERROR] [OdontologoService:41] No existen odontologos con ese id 7
[2023-04-12 22:10:19] [ INFO ] [OdontologoService:24] Odontologo guardando
[2023-04-12 22:39:08] [ ERROR] [PacienteService:36] No existen pacientes con ese id 2
[2023-04-12 22:58:28] [ ERROR] [PacienteService:36] No existen pacientes con ese id 7
[2023-04-12 22:58:33] [ ERROR] [PacienteService:36] No existen pacientes con ese id 6
[2023-04-12 22:58:36] [ INFO ] [PacienteService:38] Paciente encontrado
[2023-04-12 22:58:45] [ ERROR] [OdontologoService:41] No existen odontologos con ese id 3
[2023-04-12 22:58:51] [ INFO ] [PacienteService:38] Paciente encontrado
[2023-04-12 22:58:51] [ INFO ] [PacienteService:56] Paciente encontrado
[2023-04-12 22:59:04] [ INFO ] [PacienteService:38] Paciente encontrado
[2023-04-12 22:59:04] [ INFO ] [PacienteService:56] Paciente encontrado
[2023-04-12 23:00:29] [ INFO ] [PacienteService:38] Paciente encontrado
[2023-04-12 23:00:29] [ INFO ] [PacienteService:56] Paciente encontrado
[2023-04-12 23:00:33] [ INFO ] [PacienteService:38] Paciente encontrado
[2023-04-12 23:00:33] [ INFO ] [PacienteService:56] Paciente encontrado
[2023-04-12 23:00:41] [ INFO ] [PacienteService:38] Paciente encontrado
[2023-04-12 23:00:51] [ ERROR] [PacienteService:36] No existen pacientes con ese id 4
[2023-04-12 23:00:55] [ INFO ] [PacienteService:38] Paciente encontrado
[2023-04-12 23:00:58] [ INFO ] [PacienteService:38] Paciente encontrado
[2023-04-12 23:01:02] [ INFO ] [PacienteService:38] Paciente encontrado
[2023-04-12 23:01:02] [ INFO ] [PacienteService:56] Paciente encontrado
[2023-04-12 23:01:09] [ INFO ] [PacienteService:38] Paciente encontrado
[2023-04-12 23:01:16] [ INFO ] [PacienteService:38] Paciente encontrado
[2023-04-12 23:01:16] [ INFO ] [PacienteService:56] Paciente encontrado
[2023-04-12 23:01:37] [ ERROR] [PacienteService:36] No existen pacientes con ese id 7
[2023-04-12 23:01:43] [ ERROR] [PacienteService:36] No existen pacientes con ese id 4
[2023-04-12 23:01:46] [ INFO ] [PacienteService:38] Paciente encontrado
[2023-04-12 23:01:46] [ INFO ] [PacienteService:56] Paciente encontrado
[2023-04-12 23:05:32] [ INFO ] [PacienteService:38] Paciente encontrado
[2023-04-12 23:05:32] [ INFO ] [PacienteService:56] Paciente encontrado
[2023-04-12 23:05:35] [ ERROR] [PacienteService:36] No existen pacientes con ese id 4
[2023-04-12 23:35:15] [ ERROR] [PacienteService:36] No existen pacientes con ese id 3
[2023-04-12 23:35:21] [ INFO ] [PacienteService:38] Paciente encontrado
[2023-04-12 23:35:24] [ ERROR] [PacienteService:36] No existen pacientes con ese id 2
[2023-04-12 23:35:27] [ ERROR] [PacienteService:36] No existen pacientes con ese id 3
[2023-04-12 23:35:30] [ ERROR] [PacienteService:36] No existen pacientes con ese id 4
[2023-04-12 23:36:55] [ ERROR] [PacienteService:36] No existen pacientes con ese id 4
[2023-04-12 23:36:59] [ INFO ] [PacienteService:38] Paciente encontrado
[2023-04-12 23:37:09] [ INFO ] [PacienteService:38] Paciente encontrado
[2023-04-12 23:37:09] [ INFO ] [PacienteService:56] Paciente eliminado
[2023-04-12 23:37:27] [ ERROR] [PacienteService:36] No existen pacientes con ese id 1
[2023-04-12 23:37:32] [ ERROR] [PacienteService:36] No existen pacientes con ese id 1
[2023-04-12 23:37:47] [ ERROR] [PacienteService:36] No existen pacientes con ese id 1
[2023-04-12 23:37:50] [ INFO ] [PacienteService:47] Buscando lista
[2023-04-12 23:37:58] [ INFO ] [PacienteService:38] Paciente encontrado
[2023-04-12 23:37:58] [ INFO ] [PacienteService:56] Paciente eliminado
[2023-04-13 10:36:42] [ INFO ] [OdontologoService:29] Odontologo guardando
[2023-04-13 10:37:10] [ INFO ] [OdontologoService:29] Odontologo guardando
[2023-04-13 10:39:51] [ INFO ] [OdontologoService:29] Odontologo guardando
[2023-04-13 10:40:01] [ INFO ] [OdontologoService:58] Odontologo encontrado
[2023-04-13 11:02:42] [ INFO ] [OdontologoService:29] Odontologo guardando
[2023-04-13 11:10:16] [ INFO ] [OdontologoService:29] Odontologo guardando
[2023-04-13 11:11:16] [ INFO ] [OdontologoService:29] Odontologo guardando
[2023-04-13 11:11:16] [ INFO ] [OdontologoService:29] Odontologo guardando
[2023-04-13 11:11:17] [ INFO ] [OdontologoService:40] Odontologo encontrado
[2023-04-13 11:11:17] [ ERROR] [OdontologoService:46] No existen odontologos con ese id 1
[2023-04-13 11:11:17] [ INFO ] [OdontologoService:58] Odontologo encontrado
[2023-04-13 11:11:54] [ INFO ] [OdontologoService:29] Odontologo guardando
[2023-04-13 11:12:30] [ INFO ] [OdontologoService:29] Odontologo guardando
[2023-04-13 11:12:30] [ INFO ] [OdontologoService:29] Odontologo guardando
[2023-04-13 11:12:30] [ INFO ] [OdontologoService:40] Odontologo encontrado
[2023-04-13 11:12:31] [ ERROR] [OdontologoService:46] No existen odontologos con ese id 1
[2023-04-13 11:12:31] [ INFO ] [OdontologoService:58] Odontologo encontrado
[2023-04-13 11:13:32] [ INFO ] [OdontologoService:58] Odontologo encontrado
[2023-04-13 11:13:37] [ INFO ] [OdontologoService:58] Odontologo encontrado
[2023-04-13 11:13:50] [ ERROR] [OdontologoService:37] No existen odontologos con ese id 1
[2023-04-13 11:15:33] [ INFO ] [OdontologoService:49] Odontologo encontrado
[2023-04-13 11:15:33] [ INFO ] [OdontologoService:40] Odontologo encontrado
[2023-04-13 11:15:41] [ ERROR] [OdontologoService:55] No existen odontologos aun
[2023-04-13 11:23:22] [ INFO ] [OdontologoService:29] Odontologo guardando
[2023-04-13 11:23:26] [ INFO ] [OdontologoService:29] Odontologo guardando
[2023-04-13 11:23:32] [ INFO ] [OdontologoService:58] Odontologo encontrado
[2023-04-13 11:24:24] [ ERROR] [OdontologoService:37] No existen odontologos con ese id 1
[2023-04-13 11:25:18] [ INFO ] [OdontologoService:29] Odontologo guardando
[2023-04-13 11:25:28] [ INFO ] [OdontologoService:29] Odontologo guardando
[2023-04-13 11:25:34] [ INFO ] [OdontologoService:58] Odontologo encontrado
[2023-04-13 11:27:51] [ INFO ] [OdontologoService:29] Odontologo guardando
[2023-04-13 11:27:58] [ ERROR] [OdontologoService:37] No existen odontologos con ese id 1
[2023-04-13 11:29:14] [ INFO ] [OdontologoService:29] Odontologo guardando
[2023-04-13 11:29:48] [ ERROR] [OdontologoService:37] No existen odontologos con ese id 1
[2023-04-13 22:09:50] [ INFO ] [OdontologoService:29] Odontologo guardando
[2023-04-13 22:09:59] [ INFO ] [OdontologoService:29] Odontologo guardando
[2023-04-13 22:10:03] [ INFO ] [OdontologoService:57] Odontologo encontrado
[2023-04-13 22:10:11] [ INFO ] [OdontologoService:48] Odontologo encontrado
[2023-04-13 22:10:11] [ INFO ] [OdontologoService:48] Odontologo encontrado
[2023-04-13 22:10:11] [ INFO ] [OdontologoService:37] Odontologo encontrado
[2023-04-13 22:10:27] [ ERROR] [OdontologoService:45] No existen odontologos con ese id 1
[2023-04-13 22:11:51] [ INFO ] [OdontologoService:29] Odontologo guardando
[2023-04-13 22:11:51] [ INFO ] [OdontologoService:29] Odontologo guardando
[2023-04-13 22:11:51] [ INFO ] [OdontologoService:48] Odontologo encontrado
[2023-04-13 22:11:51] [ INFO ] [OdontologoService:37] Odontologo encontrado
[2023-04-13 22:11:51] [ ERROR] [OdontologoService:45] No existen odontologos con ese id 1
[2023-04-13 22:11:51] [ INFO ] [OdontologoService:57] Odontologo encontrado
[2023-04-13 22:13:18] [ ERROR] [OdontologoService:45] No existen odontologos con ese id 2
[2023-04-13 22:13:57] [ INFO ] [OdontologoService:57] Odontologo encontrado
[2023-04-13 22:15:57] [ INFO ] [OdontologoService:57] Odontologo encontrado
[2023-04-13 22:16:06] [ INFO ] [OdontologoService:29] Odontologo guardando
[2023-04-13 22:16:06] [ INFO ] [OdontologoService:29] Odontologo guardando
[2023-04-13 22:16:20] [ INFO ] [OdontologoService:57] Odontologo encontrado
[2023-04-13 22:16:24] [ INFO ] [OdontologoService:57] Odontologo encontrado
[2023-04-13 22:17:17] [ ERROR] [OdontologoService:45] No existen odontologos con ese id 1
[2023-04-13 22:21:57] [ INFO ] [OdontologoService:29] Odontologo guardando
[2023-04-13 22:22:02] [ INFO ] [OdontologoService:57] Odontologos encontrados
[2023-04-13 22:22:06] [ INFO ] [OdontologoService:48] Odontologo encontrado
[2023-04-13 22:22:06] [ INFO ] [OdontologoService:48] Odontologo encontrado
[2023-04-13 22:22:06] [ INFO ] [OdontologoService:37] Odontologo encontrado
[2023-04-13 22:22:08] [ ERROR] [OdontologoService:45] No existen odontologos con ese id 1
[2023-04-13 22:22:13] [ ERROR] [OdontologoService:54] No existen odontologos aun
[2023-04-13 22:22:21] [ INFO ] [OdontologoService:29] Odontologo guardando
[2023-04-13 22:22:44] [ INFO ] [OdontologoService:57] Odontologos encontrados
[2023-04-13 22:23:04] [ ERROR] [OdontologoService:45] No existen odontologos con ese id 1
[2023-04-13 22:23:07] [ ERROR] [OdontologoService:45] No existen odontologos con ese id 1
[2023-04-13 22:23:10] [ INFO ] [OdontologoService:57] Odontologos encontrados
[2023-04-13 22:23:18] [ INFO ] [OdontologoService:48] Odontologo encontrado
[2023-04-13 22:23:18] [ INFO ] [OdontologoService:48] Odontologo encontrado
[2023-04-13 22:23:18] [ INFO ] [OdontologoService:63] Odontologo actualizado
[2023-04-13 22:23:30] [ ERROR] [OdontologoService:45] No existen odontologos con ese id 1
[2023-04-13 22:23:37] [ INFO ] [OdontologoService:57] Odontologos encontrados
[2023-04-13 22:23:44] [ INFO ] [OdontologoService:48] Odontologo encontrado
[2023-04-13 22:23:44] [ INFO ] [OdontologoService:48] Odontologo encontrado
[2023-04-13 22:23:44] [ INFO ] [OdontologoService:37] Odontologo encontrado
[2023-04-13 22:23:48] [ ERROR] [OdontologoService:45] No existen odontologos con ese id 2
[2023-04-13 22:27:56] [ INFO ] [PacienteService:47] Buscando lista
[2023-04-13 22:28:08] [ ERROR] [OdontologoService:45] No existen odontologos con ese id 1
[2023-04-13 22:28:15] [ INFO ] [PacienteService:38] Paciente encontrado
[2023-04-13 22:28:15] [ INFO ] [PacienteService:38] Paciente encontrado
[2023-04-13 22:28:15] [ INFO ] [PacienteService:53] Paciente eliminado
[2023-04-13 22:28:17] [ ERROR] [PacienteService:36] No existen pacientes con ese id 1
[2023-04-13 23:00:59] [ INFO ] [PacienteService:47] Buscando lista
[2023-04-13 23:23:25] [ ERROR] [OdontologoService:54] No existen odontologos aun
[2023-04-13 23:23:29] [ ERROR] [OdontologoService:54] No existen odontologos aun
[2023-04-13 23:23:32] [ ERROR] [OdontologoService:54] No existen odontologos aun
[2023-04-13 23:23:42] [ INFO ] [OdontologoService:29] Odontologo guardando
[2023-04-13 23:23:43] [ INFO ] [OdontologoService:57] Odontologos encontrados
[2023-04-13 23:23:44] [ INFO ] [OdontologoService:57] Odontologos encontrados
[2023-04-13 23:24:34] [ INFO ] [PacienteService:47] Buscando lista
[2023-04-13 23:24:39] [ INFO ] [PacienteService:38] Paciente encontrado
[2023-04-13 23:24:39] [ INFO ] [PacienteService:38] Paciente encontrado
[2023-04-13 23:24:39] [ INFO ] [PacienteService:53] Paciente eliminado
[2023-04-13 23:24:42] [ ERROR] [PacienteService:36] No existen pacientes con ese id 1
